Using pre-set license
Built from '2022.1/staging' branch; Version is '2022.1.17f1 (2d349551e475) revision 2962581'; Using compiler version '192829333'; Build Type 'Release'
OS: 'Windows 10  (10.0.19045) 64bit Core' Language: 'en' Physical Memory: 8006 MB
BatchMode: 1, IsHumanControllingUs: 0, StartBugReporterOnCrash: 0, Is64bit: 1, IsPro: 1

COMMAND LINE ARGUMENTS:
C:\Program Files\Unity\Hub\Editor\2022.1.17f1\Editor\Unity.exe
-adb2
-batchMode
-noUpm
-name
AssetImportWorker0
-projectPath
C:/Users/aalaz/R2D2-Robot/R2D2_Robot_C19316336
-logFile
Logs/AssetImportWorker0.log
-srvPort
56273
Successfully changed project path to: C:/Users/aalaz/R2D2-Robot/R2D2_Robot_C19316336
C:/Users/aalaz/R2D2-Robot/R2D2_Robot_C19316336
[UnityMemory] Configuration Parameters - Can be set up in boot.config
    "memorysetup-bucket-allocator-granularity=16"
    "memorysetup-bucket-allocator-bucket-count=8"
    "memorysetup-bucket-allocator-block-size=33554432"
    "memorysetup-bucket-allocator-block-count=8"
    "memorysetup-main-allocator-block-size=16777216"
    "memorysetup-thread-allocator-block-size=16777216"
    "memorysetup-gfx-main-allocator-block-size=16777216"
    "memorysetup-gfx-thread-allocator-block-size=16777216"
    "memorysetup-cache-allocator-block-size=4194304"
    "memorysetup-typetree-allocator-block-size=2097152"
    "memorysetup-profiler-bucket-allocator-granularity=16"
    "memorysetup-profiler-bucket-allocator-bucket-count=8"
    "memorysetup-profiler-bucket-allocator-block-size=33554432"
    "memorysetup-profiler-bucket-allocator-block-count=8"
    "memorysetup-profiler-allocator-block-size=16777216"
    "memorysetup-profiler-editor-allocator-block-size=1048576"
    "memorysetup-temp-allocator-size-main=16777216"
    "memorysetup-job-temp-allocator-block-size=2097152"
    "memorysetup-job-temp-allocator-block-size-background=1048576"
    "memorysetup-job-temp-allocator-reduction-small-platforms=262144"
    "memorysetup-temp-allocator-size-background-worker=32768"
    "memorysetup-temp-allocator-size-job-worker=262144"
    "memorysetup-temp-allocator-size-preload-manager=33554432"
    "memorysetup-temp-allocator-size-nav-mesh-worker=65536"
    "memorysetup-temp-allocator-size-audio-worker=65536"
    "memorysetup-temp-allocator-size-cloud-worker=32768"
    "memorysetup-temp-allocator-size-gi-baking-worker=262144"
    "memorysetup-temp-allocator-size-gfx=262144"
Refreshing native plugins compatible for Editor in 140.93 ms, found 3 plugins.
Preloading 0 native plugins for Editor in 0.00 ms.
Initialize engine version: 2022.1.17f1 (2d349551e475)
[Subsystems] Discovering subsystems at path C:/Program Files/Unity/Hub/Editor/2022.1.17f1/Editor/Data/Resources/UnitySubsystems
[Subsystems] Discovering subsystems at path C:/Users/aalaz/R2D2-Robot/R2D2_Robot_C19316336/Assets
GfxDevice: creating device client; threaded=0; jobified=0
Direct3D:
    Version:  Direct3D 11.0 [level 11.1]
    Renderer: Intel(R) UHD Graphics 620 (ID=0x3ea0)
    Vendor:   Intel
    VRAM:     4003 MB
    Driver:   27.20.100.8681
Initialize mono
Mono path[0] = 'C:/Program Files/Unity/Hub/Editor/2022.1.17f1/Editor/Data/Managed'
Mono path[1] = 'C:/Program Files/Unity/Hub/Editor/2022.1.17f1/Editor/Data/MonoBleedingEdge/lib/mono/unityjit-win32'
Mono config path = 'C:/Program Files/Unity/Hub/Editor/2022.1.17f1/Editor/Data/MonoBleedingEdge/etc'
Using monoOptions --debugger-agent=transport=dt_socket,embedding=1,server=y,suspend=n,address=127.0.0.1:56812
Begin MonoManager ReloadAssembly
Registering precompiled unity dll's ...
Register platform support module: C:/Program Files/Unity/Hub/Editor/2022.1.17f1/Editor/Data/PlaybackEngines/WindowsStandaloneSupport/UnityEditor.WindowsStandalone.Extensions.dll
Registered in 0.021312 seconds.
Native extension for WindowsStandalone target not found
Refreshing native plugins compatible for Editor in 168.96 ms, found 3 plugins.
Preloading 0 native plugins for Editor in 0.00 ms.
Mono: successfully reloaded assembly
- Completed reload, in  1.594 seconds
Domain Reload Profiling:
	ReloadAssembly (1595ms)
		BeginReloadAssembly (202ms)
			ExecutionOrderSort (0ms)
			DisableScriptedObjects (0ms)
			BackupInstance (0ms)
			ReleaseScriptingObjects (0ms)
			CreateAndSetChildDomain (3ms)
		EndReloadAssembly (1080ms)
			LoadAssemblies (194ms)
			RebuildTransferFunctionScriptingTraits (0ms)
			SetupTypeCache (292ms)
				TypeCache.Initialize (291ms)
					TypeCache.ScanAssembly (288ms)
				ResolveRequiredComponents (1ms)
			ReleaseScriptCaches (0ms)
			RebuildScriptCaches (62ms)
			SetupLoadedEditorAssemblies (605ms)
				LogAssemblyErrors (0ms)
				InitializePlatformSupportModulesInManaged (17ms)
				SetLoadedEditorAssemblies (15ms)
				RefreshPlugins (169ms)
				BeforeProcessingInitializeOnLoad (3ms)
				ProcessInitializeOnLoadAttributes (304ms)
				ProcessInitializeOnLoadMethodAttributes (97ms)
				AfterProcessingInitializeOnLoad (0ms)
				EditorAssembliesLoaded (0ms)
			ExecutionOrderSort2 (0ms)
			AwakeInstancesAfterBackupRestoration (0ms)
Platform modules already initialized, skipping
Registering precompiled user dll's ...
Registered in 0.013940 seconds.
Begin MonoManager ReloadAssembly
Symbol file LoadedFromMemory doesn't match image C:\Users\aalaz\R2D2-Robot\R2D2_Robot_C19316336\Library\PackageCache\com.unity.visualscripting@1.7.8\Editor\VisualScripting.Core\Dependencies\YamlDotNet\Unity.VisualScripting.YamlDotNet.dll
Symbol file LoadedFromMemory doesn't match image C:\Users\aalaz\R2D2-Robot\R2D2_Robot_C19316336\Library\PackageCache\com.unity.visualscripting@1.7.8\Editor\VisualScripting.Core\Dependencies\DotNetZip\Unity.VisualScripting.IonicZip.dll
Native extension for WindowsStandalone target not found
Refreshing native plugins compatible for Editor in 1.16 ms, found 3 plugins.
Preloading 0 native plugins for Editor in 0.00 ms.
Mono: successfully reloaded assembly
- Completed reload, in  2.397 seconds
Domain Reload Profiling:
	ReloadAssembly (2399ms)
		BeginReloadAssembly (251ms)
			ExecutionOrderSort (0ms)
			DisableScriptedObjects (15ms)
			BackupInstance (0ms)
			ReleaseScriptingObjects (0ms)
			CreateAndSetChildDomain (41ms)
		EndReloadAssembly (1899ms)
			LoadAssemblies (173ms)
			RebuildTransferFunctionScriptingTraits (0ms)
			SetupTypeCache (703ms)
				TypeCache.Initialize (696ms)
					TypeCache.ScanAssembly (688ms)
				ResolveRequiredComponents (8ms)
			ReleaseScriptCaches (2ms)
			RebuildScriptCaches (106ms)
			SetupLoadedEditorAssemblies (813ms)
				LogAssemblyErrors (0ms)
				InitializePlatformSupportModulesInManaged (13ms)
				SetLoadedEditorAssemblies (15ms)
				RefreshPlugins (1ms)
				BeforeProcessingInitializeOnLoad (183ms)
				ProcessInitializeOnLoadAttributes (518ms)
				ProcessInitializeOnLoadMethodAttributes (64ms)
				AfterProcessingInitializeOnLoad (18ms)
				EditorAssembliesLoaded (0ms)
			ExecutionOrderSort2 (0ms)
			AwakeInstancesAfterBackupRestoration (14ms)
Platform modules already initialized, skipping
========================================================================
Worker process is ready to serve import requests
Launched and connected shader compiler UnityShaderCompiler.exe after 0.09 seconds
Refreshing native plugins compatible for Editor in 0.94 ms, found 3 plugins.
Preloading 0 native plugins for Editor in 0.00 ms.
Unloading 3402 Unused Serialized files (Serialized files now loaded: 0)
Unloading 26 unused Assets / (58.2 KB). Loaded Objects now: 3863.
Memory consumption went from 0.51 GB to 0.51 GB.
Total: 4.035600 ms (FindLiveObjects: 0.385500 ms CreateObjectMapping: 0.345700 ms MarkObjects: 3.141800 ms  DeleteObjects: 0.161400 ms)

AssetImportParameters requested are different than current active one (requested -> active):
  custom:video-decoder-ogg-theora: a1e56fd34408186e4bbccfd4996cb3dc -> 
  custom:container-muxer-webm: aa71ff27fc2769a1b78a27578f13a17b -> 
  custom:container-demuxer-webm: 4f35f7cbe854078d1ac9338744f61a02 -> 
  custom:video-encoder-webm-vp8: eb34c28f22e8b96e1ab97ce403110664 -> 
  custom:audio-encoder-webm-vorbis: bf7c407c2cedff20999df2af8eb42d56 -> 
  custom:framework-win-MediaFoundation: 216162199b28c13a410421893ffa2e32 -> 
  custom:container-demuxer-ogg: 62fdf1f143b41e24485cea50d1cbac27 -> 
  custom:video-decoder-webm-vp8: 9c59270c3fd7afecdb556c50c9e8de78 -> 
  custom:audio-decoder-ogg-vorbis: bf7c407c2cedff20999df2af8eb42d56 -> 
========================================================================
Received Import Request.
  Time since last request: 78582.963733 seconds.
  path: Assets/UniversalRenderPipelineGlobalSettings.asset
  artifactKey: Guid(2efdd2f9f88b76245abbd3fa41be4f98) Importer(815301076,1909f56bfc062723c751e8b465ee728b)
Start importing Assets/UniversalRenderPipelineGlobalSettings.asset using Guid(2efdd2f9f88b76245abbd3fa41be4f98) Importer(815301076,1909f56bfc062723c751e8b465ee728b)  -> (artifact id: 'f166d8aa9db7ae9d6f41d660b0588970') in 0.065644 seconds 
========================================================================
Received Import Request.
  Time since last request: 17.602007 seconds.
  path: Assets/Settings
  artifactKey: Guid(0735c275001a2c84dafdb30deced5d8d) Importer(815301076,1909f56bfc062723c751e8b465ee728b)
Start importing Assets/Settings using Guid(0735c275001a2c84dafdb30deced5d8d) Importer(815301076,1909f56bfc062723c751e8b465ee728b)  -> (artifact id: '37a70d5fabd440099b56eab6078a05c9') in 0.010737 seconds 
========================================================================
Received Import Request.
  Time since last request: 3.818505 seconds.
  path: Assets/R2_D2
  artifactKey: Guid(eb774caa9ad8dbc4fa7524347f2f23dd) Importer(815301076,1909f56bfc062723c751e8b465ee728b)
Start importing Assets/R2_D2 using Guid(eb774caa9ad8dbc4fa7524347f2f23dd) Importer(815301076,1909f56bfc062723c751e8b465ee728b)  -> (artifact id: 'fcc4a75a36ed72c360ef05021bc42c6f') in 0.012966 seconds 
========================================================================
Received Import Request.
  Time since last request: 0.123020 seconds.
  path: Assets/R2_D2/R2_D2.prefab
  artifactKey: Guid(c330ad5a00c7ffd428f0915e8f652831) Importer(815301076,1909f56bfc062723c751e8b465ee728b)
Start importing Assets/R2_D2/R2_D2.prefab using Guid(c330ad5a00c7ffd428f0915e8f652831) Importer(815301076,1909f56bfc062723c751e8b465ee728b)  -> (artifact id: 'c75c9a6eaffec0bd855bcef73b7288ae') in 0.263260 seconds 
========================================================================
Received Import Request.
  Time since last request: 3.154652 seconds.
  path: Assets/R2_D2/Texture
  artifactKey: Guid(481ed824fd83c4a4fb51d256261e9b9b) Importer(815301076,1909f56bfc062723c751e8b465ee728b)
Start importing Assets/R2_D2/Texture using Guid(481ed824fd83c4a4fb51d256261e9b9b) Importer(815301076,1909f56bfc062723c751e8b465ee728b)  -> (artifact id: 'dff285bde814370413495c6fa83f09e3') in 0.012874 seconds 
========================================================================
Received Import Request.
  Time since last request: 0.009447 seconds.
  path: Assets/R2_D2/Texture/mat_1_Base_color.png
  artifactKey: Guid(44212639f7497b442a306b7abd510a39) Importer(815301076,1909f56bfc062723c751e8b465ee728b)
Start importing Assets/R2_D2/Texture/mat_1_Base_color.png using Guid(44212639f7497b442a306b7abd510a39) Importer(815301076,1909f56bfc062723c751e8b465ee728b)  -> (artifact id: '6613ee2aaf50f3348825a4c450b90933') in 0.143692 seconds 
========================================================================
Received Import Request.
  Time since last request: 0.000037 seconds.
  path: Assets/R2_D2/Texture/mat_3_Base_color.png
  artifactKey: Guid(a016a28b7e5b5c54e8d2eab7f10f45ec) Importer(815301076,1909f56bfc062723c751e8b465ee728b)
Start importing Assets/R2_D2/Texture/mat_3_Base_color.png using Guid(a016a28b7e5b5c54e8d2eab7f10f45ec) Importer(815301076,1909f56bfc062723c751e8b465ee728b)  -> (artifact id: '99b439608840619ba45b16f2dc882d73') in 0.036098 seconds 
========================================================================
Received Import Request.
  Time since last request: 0.000055 seconds.
  path: Assets/R2_D2/Texture/mat_4_Roughness.png
  artifactKey: Guid(b4a09c5544701ea408be51f06021788d) Importer(815301076,1909f56bfc062723c751e8b465ee728b)
Start importing Assets/R2_D2/Texture/mat_4_Roughness.png using Guid(b4a09c5544701ea408be51f06021788d) Importer(815301076,1909f56bfc062723c751e8b465ee728b)  -> (artifact id: 'bdca73fe11eac292816e76e0c2b85aad') in 0.022973 seconds 
========================================================================
Received Import Request.
  Time since last request: 0.000029 seconds.
  path: Assets/R2_D2/Texture/mat_2_Roughness.png
  artifactKey: Guid(3044ba854cdbc56468a93abecf7ecc2b) Importer(815301076,1909f56bfc062723c751e8b465ee728b)
Start importing Assets/R2_D2/Texture/mat_2_Roughness.png using Guid(3044ba854cdbc56468a93abecf7ecc2b) Importer(815301076,1909f56bfc062723c751e8b465ee728b)  -> (artifact id: '297898d1983ebf5a747166b249a81ecb') in 0.023158 seconds 
========================================================================
Received Import Request.
  Time since last request: 0.000027 seconds.
  path: Assets/R2_D2/Texture/mat_1_Roughness.png
  artifactKey: Guid(cad766ffa0108b14f856820471d45d5c) Importer(815301076,1909f56bfc062723c751e8b465ee728b)
Start importing Assets/R2_D2/Texture/mat_1_Roughness.png using Guid(cad766ffa0108b14f856820471d45d5c) Importer(815301076,1909f56bfc062723c751e8b465ee728b)  -> (artifact id: 'e42229285374c368258f081e47cd3f85') in 0.022447 seconds 
========================================================================
Received Import Request.
  Time since last request: 0.000022 seconds.
  path: Assets/R2_D2/Texture/mat_3_Roughness.png
  artifactKey: Guid(af8d3ac52f234af4fbda3b418374b761) Importer(815301076,1909f56bfc062723c751e8b465ee728b)
Start importing Assets/R2_D2/Texture/mat_3_Roughness.png using Guid(af8d3ac52f234af4fbda3b418374b761) Importer(815301076,1909f56bfc062723c751e8b465ee728b)  -> (artifact id: 'a754be13c8aed6282bd25583a0b29468') in 0.020735 seconds 
========================================================================
Received Import Request.
  Time since last request: 0.000022 seconds.
  path: Assets/R2_D2/Texture/mat_3_Metallic.png
  artifactKey: Guid(da181880d26c98f4eaab1f2855e57501) Importer(815301076,1909f56bfc062723c751e8b465ee728b)
Start importing Assets/R2_D2/Texture/mat_3_Metallic.png using Guid(da181880d26c98f4eaab1f2855e57501) Importer(815301076,1909f56bfc062723c751e8b465ee728b)  -> (artifact id: '6730db71062619c5ca2f7df6cb1e8763') in 0.023849 seconds 
========================================================================
Received Import Request.
  Time since last request: 0.000025 seconds.
  path: Assets/R2_D2/Texture/mat_2_Metallic.png
  artifactKey: Guid(cb2188b5282943749af0fc76e41a2774) Importer(815301076,1909f56bfc062723c751e8b465ee728b)
Start importing Assets/R2_D2/Texture/mat_2_Metallic.png using Guid(cb2188b5282943749af0fc76e41a2774) Importer(815301076,1909f56bfc062723c751e8b465ee728b)  -> (artifact id: '345255bd9e3e2bb608ddd9f544a44757') in 0.022838 seconds 
========================================================================
Received Import Request.
  Time since last request: 6.497691 seconds.
  path: Assets/R2_D2/3Dmodel
  artifactKey: Guid(fbdb653cbbb248a48abade67c767b9e9) Importer(815301076,1909f56bfc062723c751e8b465ee728b)
Start importing Assets/R2_D2/3Dmodel using Guid(fbdb653cbbb248a48abade67c767b9e9) Importer(815301076,1909f56bfc062723c751e8b465ee728b)  -> (artifact id: 'b810dabc0ace4907def6923295c5de00') in 0.012556 seconds 
========================================================================
Received Import Request.
  Time since last request: 0.014034 seconds.
  path: Assets/R2_D2/3Dmodel/R2_D2.fbx
  artifactKey: Guid(88299a63fb793304faa6f04090b057b0) Importer(815301076,1909f56bfc062723c751e8b465ee728b)
Start importing Assets/R2_D2/3Dmodel/R2_D2.fbx using Guid(88299a63fb793304faa6f04090b057b0) Importer(815301076,1909f56bfc062723c751e8b465ee728b)  -> (artifact id: '0f2ce08f5f989495731cf83664c7af21') in 0.943484 seconds 
